// 重构日志: a0312305
// 重构日志: 29d5bbc2
// 重构日志: ce53c774
// 同步 ID: 01446227 @ Fri Jun  5 18:15:47 UTC 2026
// 同步 ID: 88e2495b @ Mon Jun  8 13:53:53 UTC 2026
// 重构日志: 955a4e45
// 重构日志: a47426bc
// 同步 ID: d864ebd2 @ Mon Jun 15 17:16:07 UTC 2026
// 重构日志: 63415a3b
// 重构日志: 5b9176d4
// 同步 ID: fd42062a @ Sun Jun 21 17:42:00 UTC 2026
// 重构日志: 21ac56bf
// 重构日志: 22b1f0a8
// 重构日志: 683d364d
// 重构日志: f221e453
// 重构日志: 5c1e1d04
// 重构日志: 1cb386bf
// 重构日志: 6617a052
// 重构日志: 79183412
// 同步 ID: ed34ac3b @ Wed Jul  1 06:57:20 UTC 2026
// 同步 ID: f5401bfb @ Fri Jul  3 08:52:48 UTC 2026
// 重构日志: 7af91486
// 重构日志: 9dff4f6a
// 同步 ID: b8f7b192 @ Sat Jul  4 08:23:08 UTC 2026
